Processed 0_23_14_826__0_23_17_294_1019208991536008019201080.jpeg: wrote subtitle #442
Text: 他偶爾還會穿著埃及的服裝呢
Processed 0_23_17_295__0_23_18_696_1019208981536008219201080.jpeg: wrote subtitle #443
Text: 為了配合名字吧
Processed 0_23_19_531__0_23_20_064_1019207771536022919201080.jpeg: wrote subtitle #444
Text: ما
Processed 0_23_23_735__0_23_25_970_1019208991536008519201080.jpeg: wrote subtitle #445
Text: 下一集,襲擊與衝擊
Processed 0_23_26_738__0_23_28_939_1019208981536008819201080.jpeg: wrote subtitle #446
Text: 小傑,為什麼你是小傑啊
Processed 0_23_28_974__0_23_29_874_1019208911536010419201080.jpeg: wrote subtitle #447
Text: 奇犽
Processed 0_23_29_875__0_23_31_709_1019208981536008219201080.jpeg: wrote subtitle #448
Text: 那是因為...我是小傑啊
Processed 0_23_31_710__0_23_33_310_1019208961536008619201080.jpeg: wrote subtitle #449
Text: 根本沒變嘛
SRT file saved to C:/Users/wyatt/Documents/GitHub/Hardsub-Extract-OCR\【動畫瘋】獵人 Hunter x Hunter [中文配音][51][1080P]_output.srt
No valid files processed in C:/Users/wyatt/Documents/GitHub/Hardsub-Extract-OCR/temp\【動畫瘋】獵人 Hunter x Hunter [中文配音][51][1080P]\TestImages\TXTImages
No text detected in 0_00_03_036__0_00_03_535_1019207801536017419201080.jpeg
No text detected in 0_00_04_471__0_00_05_037_1019208061536014719201080.jpeg
Processed 0_00_11_177__0_00_13_512_1019208961536008519201080.jpeg: wrote subtitle #1
Text: 重要的日曆缺了一部分
Processed 0_00_14_848__0_00_17_816_2019208071536017119201080.jpeg: wrote subtitle #2
Text: 被留下的月份
應該會盛大弔唁吧
Processed 0_00_27_527__0_00_29_928_1019208891536009719201080.jpeg: wrote subtitle #3
Text: 在身著喪服的樂團演奏下
Processed 0_00_30_930__0_00_35_834_2019208121536016619201080.jpeg: wrote subtitle #4
Text: 霜月將會
安穩地隨著旋律被送往天際
Processed 0_00_41_841__0_00_44_376_3019207811536023019201080.jpeg: wrote subtitle #5
Text: 穩穩踏在大地上
だいち
ふ
大地を踏みしめて
Processed 0_00_44_511__0_00_47_513_3019207831536022019201080.jpeg: wrote subtitle #6
Text: 你逐漸清醒了過來
きみ
めざ
君は目覚めていく
Processed 0_00_47_514__0_00_50_416_3019207841536022019201080.jpeg: wrote subtitle #7
Text: 用著天使般的笑容
てんし
ほほえ
天使の微笑みで
Processed 0_00_50_417__0_00_53_752_3019207771536023819201080.jpeg: wrote subtitle #8
Text: 帶我走出去!
だ
連れ出して!
Processed 0_00_53_787__0_00_54_353_1019208891536012619201080.jpeg: wrote subtitle #9
Text: 連れ出し
Processed 0_01_00_460__0_01_05_964_3019207771536023819201080.jpeg: wrote subtitle #10
Text: 即使孤獨 也不會是一個人
ひとり
孤独でも
一人じゃないさ
Processed 0_01_05_965__0_01_06_398_2019207771536023419201080.jpeg: wrote subtitle #11
Text: 即使孤獨 也不會是一個人
生まれてきたことに 必ず意味がある
Processed 0_01_06_399__0_01_11_470_2019207811536022419201080.jpeg: wrote subtitle #12
Text: 人來到這世上一定是有意義的
生まれてきたことに 必ず意味がある
Processed 0_01_11_738__0_01_15_040_2019207831536022719201080.jpeg: wrote subtitle #13
Text: You can smile again
You can smile again
Processed 0_01_15_108__0_01_17_543_3019207801536022719201080.jpeg: wrote subtitle #14
Text: 在陽光的照耀下
たいよう あ
太陽浴びて
Processed 0_01_17_577__0_01_21_146_2019207771536023819201080.jpeg: wrote subtitle #15
Text: You can fly away
You can fly away
Processed 0_01_21_247__0_01_21_580_3019207771536023819201080.jpeg: wrote subtitle #16
Text: せかい
世界·在等著你的光輝到來
きみ
かがや
ま
世界は君の輝きを待ってる
Processed 0_01_21_581__0_01_26_418_3019207771536023819201080.jpeg: wrote subtitle #17
Text: 世界在等著你的光輝到來
かがや
世界は君の輝きを待ってる
Processed 0_01_26_419__0_01_26_785_3019207771536023719201080.jpeg: wrote subtitle #18
Text: 世界在等著你的光輝到來
だいち
ふ
大地を踏みしめて
Processed 0_01_26_786__0_01_29_088_2019207811536023019201080.jpeg: wrote subtitle #19
Text: 穩穩踏在大地上
大地を踏みしめて
Processed 0_01_29_089__0_01_29_688_3019207811536023419201080.jpeg: wrote subtitle #20
Text: きみ
穩穩踏在大地上
めざ
君は目覚めていく
Processed 0_01_29_689__0_01_32_391_3019207771536023819201080.jpeg: wrote subtitle #21
Text: 你逐漸清醒了過來
きみ
めざ
君は目覚めていく
Processed 0_01_32_659__0_01_35_394_3019207771536023819201080.jpeg: wrote subtitle #22
Text: 用著天使般的笑容
てんし
ほほえ
天使の微笑みで
Processed 0_01_35_662__0_01_38_630_2019207771536023819201080.jpeg: wrote subtitle #23
Text: #! (you can smile!)
連れ出して!
n! (you can smile!)
Processed 0_01_38_631__0_01_39_064_2019207771536023819201080.jpeg: wrote subtitle #24
Text: 帶我走出去! (you can smile!)
“始まり” はいつでも遅くないさ
Processed 0_01_39_065__0_01_39_765_2019207771536023819201080.jpeg: wrote subtitle #25
Text: "開始"永遠都不嫌晚
“始まり” はいつでも遅くないさ
Processed 0_01_39_766__0_01_44_937_2019207771536018719201080.jpeg: wrote subtitle #26
Text: "開始"永遠都不嫌晚
66
"
Processed 0_01_44_938__0_01_45_504_3019207771536023319201080.jpeg: wrote subtitle #27
Text: "開始"永遠都不嫌晚
た
何度でも立ち上がれ!
Processed 0_01_45_505__0_01_50_342_3019207771536023319201080.jpeg: wrote subtitle #28
Text: 不管幾次都要站起來!
た
何度でも立ち上がれ!
Processed 0_01_50_343__0_01_51_110_2019207771536023019201080.jpeg: wrote subtitle #29
Text: 不管幾次都要站起來!
Processed 0_01_56_049__0_02_00_986_1019209011536008619201080.jpeg: wrote subtitle #30
Text: (襲擊與x衝擊
Processed 0_02_09_996__0_02_11_797_2019208121536016619201080.jpeg: wrote subtitle #31
Text: 因突發狀況
本列車必須暫時停車
